<?xml version="1.0" encoding="UTF-8"?>
<!-- Generated by org.testng.reporters.JUnitXMLReporter -->
<testsuite ignored="0" hostname="Pragati" failures="0" tests="3" name="Test-1" time="61.864" errors="0" timestamp="2025-01-22T17:58:21 IST">
  <testcase classname="com.crm.orgtest.CreateOrganizationTest" name="createContactWithIndustry" time="15.921"/>
  <testcase classname="com.crm.orgtest.CreateOrganizationTest" name="createOrgWithPhoneNumber" time="10.615"/>
  <testcase classname="com.crm.orgtest.CreateOrganizationTest" name="createOrganizationTest" time="14.743"/>
</testsuite> <!-- Test-1 -->
