<?xml version="1.0" encoding="UTF-8"?>
<!-- Generated by org.testng.reporters.JUnitReportReporter -->
<testsuite hostname="Pragati" failures="0" tests="1" name="com.crm.orgtest.CreateOrganizationTest" time="19.219" errors="0" timestamp="2025-01-28T17:26:29 IST" skipped="0">
  <testcase classname="com.crm.orgtest.CreateOrganizationTest" name="createOrganizationTest" time="19.219"/>
</testsuite> <!-- com.crm.orgtest.CreateOrganizationTest -->
