<?xml version="1.0" encoding="UTF-8"?>
<!-- Generated by org.testng.reporters.JUnitReportReporter -->
<testsuite hostname="Pragati" failures="0" tests="1" name="testng.ExtentReportPractice" time="7.786" errors="0" timestamp="2025-01-28T12:29:58 IST" skipped="0">
  <testcase classname="testng.ExtentReportPractice" name="createContactTest" time="7.786"/>
</testsuite> <!-- testng.ExtentReportPractice -->
