<?xml version="1.0" encoding="UTF-8"?>
<!-- Generated by org.testng.reporters.JUnitReportReporter -->
<testsuite hostname="Pragati" failures="0" tests="3" name="com.org.contacttest.CreateContactTest" time="70.001" errors="0" timestamp="2025-01-23T13:10:43 IST" skipped="0">
  <testcase classname="com.org.contacttest.CreateContactTest" name="createContactWtithOrgTest" time="33.831"/>
  <testcase classname="com.org.contacttest.CreateContactTest" name="createContactTest" time="16.308"/>
  <testcase classname="com.org.contacttest.CreateContactTest" name="createContactWithSupportdate" time="19.862"/>
</testsuite> <!-- com.org.contacttest.CreateContactTest -->
