<?xml version="1.0" encoding="UTF-8"?>
<!-- Generated by org.testng.reporters.JUnitReportReporter -->
<testsuite hostname="Pragati" failures="0" tests="3" name="testng.CreateContact_DataProvider_Test" time="0.010" errors="0" timestamp="2025-01-21T11:07:36 IST" skipped="0">
  <testcase classname="testng.CreateContact_DataProvider_Test" name="createContactTest" time="0.001"/>
  <testcase classname="testng.CreateContact_DataProvider_Test" name="createContactTest" time="0.008"/>
  <testcase classname="testng.CreateContact_DataProvider_Test" name="createContactTest" time="0.001"/>
</testsuite> <!-- testng.CreateContact_DataProvider_Test -->
